<?xml version="1.0" encoding="UTF-8"?>
<!-- Generated by org.testng.reporters.JUnitReportReporter -->
<testsuite hostname="LAPTOP-96I5TAET" failures="0" tests="1" name="magneq.projectk.pages.exceltest" time="0.868" errors="0" timestamp="2023-05-16T16:56:05 IST" skipped="0">
  <testcase classname="magneq.projectk.pages.exceltest" name="dataRead" time="0.868"/>
  <system-out/>
</testsuite> <!-- magneq.projectk.pages.exceltest -->
