<?xml version="1.0" encoding="UTF-8"?>
<!-- Generated by org.testng.reporters.JUnitReportReporter -->
<testsuite hostname="LAPTOP-96I5TAET" failures="0" tests="1" name="magneq.projectk.tests.test1" time="0.942" errors="0" timestamp="2023-05-16T16:03:43 IST" skipped="0">
  <testcase classname="magneq.projectk.tests.test1" name="Test" time="0.942"/>
  <system-out/>
</testsuite> <!-- magneq.projectk.tests.test1 -->
