<?xml version="1.0" encoding="UTF-8"?>
<!-- Generated by org.testng.reporters.JUnitReportReporter -->
<testsuite hostname="LAPTOP-96I5TAET" failures="0" tests="7" name="magneq.projectk.tests.TS_RegisterTest_001" time="11.966" errors="0" timestamp="2023-04-11T16:28:52 IST" skipped="0">
  <testcase classname="magneq.projectk.tests.TS_RegisterTest_001" name="tc_01" time="1.345"/>
  <system-out/>
  <testcase classname="magneq.projectk.tests.TS_RegisterTest_001" name="tc_02" time="0.021"/>
  <system-out/>
  <testcase classname="magneq.projectk.tests.TS_RegisterTest_001" name="tc_03" time="0.439"/>
  <system-out/>
  <testcase classname="magneq.projectk.tests.TS_RegisterTest_001" name="tc_04" time="0.389"/>
  <system-out/>
  <testcase classname="magneq.projectk.tests.TS_RegisterTest_001" name="tc_05" time="9.459"/>
  <system-out/>
  <testcase classname="magneq.projectk.tests.TS_RegisterTest_001" name="tc_06" time="0.171"/>
  <system-out/>
  <testcase classname="magneq.projectk.tests.TS_RegisterTest_001" name="tc_07" time="0.142"/>
  <system-out/>
</testsuite> <!-- magneq.projectk.tests.TS_RegisterTest_001 -->
