<?xml version="1.0" encoding="UTF-8"?>
<!-- Generated by org.testng.reporters.JUnitReportReporter -->
<testsuite hostname="LAPTOP-96I5TAET" failures="0" tests="4" name="magneq.projectk.tests.usingDataProvider" time="0.011" errors="0" timestamp="2023-05-18T17:02:37 IST" skipped="0">
  <testcase classname="magneq.projectk.tests.usingDataProvider" name="dataTest" time="0.002"/>
  <system-out/>
  <testcase classname="magneq.projectk.tests.usingDataProvider" name="dataExcelTest" time="0.007"/>
  <system-out/>
  <testcase classname="magneq.projectk.tests.usingDataProvider" name="dataExcelTest" time="0.002"/>
  <system-out/>
  <testcase classname="magneq.projectk.tests.usingDataProvider" name="dataTest" time="0.000"/>
  <system-out/>
</testsuite> <!-- magneq.projectk.tests.usingDataProvider -->
